  [1m[36mActiveRecord::SchemaMigration Load (0.2ms)[0m  [1mSELECT "schema_migrations".* FROM "schema_migrations"[0m
  [1m[35mActiveRecord::SchemaMigration Load (0.1ms)[0m  SELECT "schema_migrations".* FROM "schema_migrations"
  [1m[36m (16.5ms)[0m  [1mCREATE TABLE "schema_migrations" ("version" varchar(255) NOT NULL) [0m
  [1m[35m (0.1ms)[0m  select sqlite_version(*)
  [1m[36m (15.0ms)[0m  [1mCREATE UNIQUE INDEX "unique_schema_migrations" ON "schema_migrations" ("version")[0m
  [1m[35mActiveRecord::SchemaMigration Load (0.1ms)[0m  SELECT "schema_migrations".* FROM "schema_migrations"
Migrating to CreateAlbums (20141226164454)
  [1m[36m (0.1ms)[0m  [1mbegin transaction[0m
  [1m[35m (0.3ms)[0m  CREATE TABLE "albums" ("id" INTEGER PRIMARY KEY AUTOINCREMENT NOT NULL, "title" varchar(255), "description" varchar(255), "address" varchar(255), "latitude" float, "longitude" float, "date" varchar(255), "created_at" datetime, "updated_at" datetime) 
  [1m[36mSQL (0.2ms)[0m  [1mINSERT INTO "schema_migrations" ("version") VALUES (?)[0m  [["version", "20141226164454"]]
  [1m[35m (7.3ms)[0m  commit transaction
Migrating to CreatePictures (20141226172124)
  [1m[36m (0.1ms)[0m  [1mbegin transaction[0m
  [1m[35m (0.2ms)[0m  CREATE TABLE "pictures" ("id" INTEGER PRIMARY KEY AUTOINCREMENT NOT NULL, "picture_id" integer, "picture" varchar(255), "created_at" datetime, "updated_at" datetime) 
  [1m[36mSQL (0.2ms)[0m  [1mINSERT INTO "schema_migrations" ("version") VALUES (?)[0m  [["version", "20141226172124"]]
  [1m[35m (6.5ms)[0m  commit transaction
Migrating to AddDataTakenToPictures (20141226173251)
  [1m[36m (0.1ms)[0m  [1mbegin transaction[0m
  [1m[35m (0.3ms)[0m  ALTER TABLE "pictures" ADD "date" varchar(255)
  [1m[36mSQL (0.3ms)[0m  [1mINSERT INTO "schema_migrations" ("version") VALUES (?)[0m  [["version", "20141226173251"]]
  [1m[35m (5.2ms)[0m  commit transaction
Migrating to RemoveDescriptionFromAlbums (20150112011954)
  [1m[36m (0.1ms)[0m  [1mbegin transaction[0m
  [1m[35m (0.4ms)[0m  CREATE TEMPORARY TABLE "aalbums" ("id" INTEGER PRIMARY KEY AUTOINCREMENT NOT NULL, "title" varchar(255), "description" varchar(255), "address" varchar(255), "latitude" float, "longitude" float, "date" varchar(255), "created_at" datetime, "updated_at" datetime) 
  [1m[36m (0.1ms)[0m  [1mSELECT * FROM "albums"[0m
  [1m[35m (0.3ms)[0m  DROP TABLE "albums"
  [1m[36m (0.3ms)[0m  [1mCREATE TABLE "albums" ("id" INTEGER PRIMARY KEY AUTOINCREMENT NOT NULL, "title" varchar(255), "address" varchar(255), "latitude" float, "longitude" float, "date" varchar(255), "created_at" datetime, "updated_at" datetime) [0m
  [1m[35m (0.1ms)[0m  SELECT * FROM "aalbums"
  [1m[36m (0.2ms)[0m  [1mDROP TABLE "aalbums"[0m
  [1m[35mSQL (0.1ms)[0m  INSERT INTO "schema_migrations" ("version") VALUES (?)  [["version", "20150112011954"]]
  [1m[36m (4.7ms)[0m  [1mcommit transaction[0m
Migrating to AddRepresentativePictureAlbums (20150112012150)
  [1m[35m (0.1ms)[0m  begin transaction
  [1m[36mSQL (0.1ms)[0m  [1mINSERT INTO "schema_migrations" ("version") VALUES (?)[0m  [["version", "20150112012150"]]
  [1m[35m (6.0ms)[0m  commit transaction
Migrating to AddRepresentativepictureToAlbums (20150112012322)
  [1m[36m (0.1ms)[0m  [1mbegin transaction[0m
  [1m[35m (0.2ms)[0m  ALTER TABLE "albums" ADD "representative_picture" int
  [1m[36mSQL (0.2ms)[0m  [1mINSERT INTO "schema_migrations" ("version") VALUES (?)[0m  [["version", "20150112012322"]]
  [1m[35m (7.3ms)[0m  commit transaction
Migrating to RemovePictureFromPictures (20150112013221)
  [1m[36m (0.1ms)[0m  [1mbegin transaction[0m
  [1m[35m (0.2ms)[0m  CREATE TEMPORARY TABLE "apictures" ("id" INTEGER PRIMARY KEY AUTOINCREMENT NOT NULL, "picture_id" integer, "picture" varchar(255), "created_at" datetime, "updated_at" datetime, "date" varchar(255)) 
  [1m[36m (0.1ms)[0m  [1mSELECT * FROM "pictures"[0m
  [1m[35m (0.2ms)[0m  DROP TABLE "pictures"
  [1m[36m (0.1ms)[0m  [1mCREATE TABLE "pictures" ("id" INTEGER PRIMARY KEY AUTOINCREMENT NOT NULL, "picture_id" integer, "created_at" datetime, "updated_at" datetime, "date" varchar(255)) [0m
  [1m[35m (0.1ms)[0m  SELECT * FROM "apictures"
  [1m[36m (0.2ms)[0m  [1mDROP TABLE "apictures"[0m
  [1m[35mSQL (0.1ms)[0m  INSERT INTO "schema_migrations" ("version") VALUES (?)  [["version", "20150112013221"]]
  [1m[36m (5.1ms)[0m  [1mcommit transaction[0m
Migrating to RemovePictureidFromPictures (20150112013233)
  [1m[35m (0.1ms)[0m  begin transaction
  [1m[36m (0.2ms)[0m  [1mCREATE TEMPORARY TABLE "apictures" ("id" INTEGER PRIMARY KEY AUTOINCREMENT NOT NULL, "picture_id" integer, "created_at" datetime, "updated_at" datetime, "date" varchar(255)) [0m
  [1m[35m (0.1ms)[0m  SELECT * FROM "pictures"
  [1m[36m (0.6ms)[0m  [1mDROP TABLE "pictures"[0m
  [1m[35m (0.2ms)[0m  CREATE TABLE "pictures" ("id" INTEGER PRIMARY KEY AUTOINCREMENT NOT NULL, "created_at" datetime, "updated_at" datetime, "date" varchar(255)) 
  [1m[36m (0.1ms)[0m  [1mSELECT * FROM "apictures"[0m
  [1m[35m (0.2ms)[0m  DROP TABLE "apictures"
  [1m[36mSQL (0.1ms)[0m  [1mINSERT INTO "schema_migrations" ("version") VALUES (?)[0m  [["version", "20150112013233"]]
  [1m[35m (6.2ms)[0m  commit transaction
Migrating to AddDetailToPictures (20150112013509)
  [1m[36m (0.1ms)[0m  [1mbegin transaction[0m
  [1m[35m (0.2ms)[0m  ALTER TABLE "pictures" ADD "url" varchar(255)
  [1m[36m (0.2ms)[0m  [1mALTER TABLE "pictures" ADD "latitude" float[0m
  [1m[35m (0.2ms)[0m  ALTER TABLE "pictures" ADD "longitude" float
  [1m[36m (0.1ms)[0m  [1mALTER TABLE "pictures" ADD "address" varchar(255)[0m
  [1m[35m (0.2ms)[0m  ALTER TABLE "pictures" ADD "title" varchar(255)
  [1m[36m (0.3ms)[0m  [1mALTER TABLE "pictures" ADD "album_id" int[0m
  [1m[35mSQL (0.3ms)[0m  INSERT INTO "schema_migrations" ("version") VALUES (?)  [["version", "20150112013509"]]
  [1m[36m (7.8ms)[0m  [1mcommit transaction[0m
Migrating to CreateTags (20150112014133)
  [1m[35m (0.1ms)[0m  begin transaction
  [1m[36m (0.2ms)[0m  [1mCREATE TABLE "tags" ("id" INTEGER PRIMARY KEY AUTOINCREMENT NOT NULL, "created_at" datetime, "updated_at" datetime) [0m
  [1m[35mSQL (0.4ms)[0m  INSERT INTO "schema_migrations" ("version") VALUES (?)  [["version", "20150112014133"]]
  [1m[36m (6.6ms)[0m  [1mcommit transaction[0m
Migrating to AddDetailToTags (20150112014235)
  [1m[35m (0.1ms)[0m  begin transaction
  [1m[36m (0.2ms)[0m  [1mALTER TABLE "tags" ADD "picture_id" int[0m
  [1m[35m (0.2ms)[0m  ALTER TABLE "tags" ADD "text" varchar(255)
  [1m[36mSQL (0.3ms)[0m  [1mINSERT INTO "schema_migrations" ("version") VALUES (?)[0m  [["version", "20150112014235"]]
  [1m[35m (5.3ms)[0m  commit transaction
Migrating to RemoveDateFromAlbums (20150112020416)
  [1m[36m (0.1ms)[0m  [1mbegin transaction[0m
  [1m[35m (0.2ms)[0m  CREATE TEMPORARY TABLE "aalbums" ("id" INTEGER PRIMARY KEY AUTOINCREMENT NOT NULL, "title" varchar(255), "address" varchar(255), "latitude" float, "longitude" float, "date" varchar(255), "created_at" datetime, "updated_at" datetime, "representative_picture" integer) 
  [1m[36m (0.1ms)[0m  [1mSELECT * FROM "albums"[0m
  [1m[35m (0.2ms)[0m  DROP TABLE "albums"
  [1m[36m (0.2ms)[0m  [1mCREATE TABLE "albums" ("id" INTEGER PRIMARY KEY AUTOINCREMENT NOT NULL, "title" varchar(255), "address" varchar(255), "latitude" float, "longitude" float, "created_at" datetime, "updated_at" datetime, "representative_picture" integer) [0m
  [1m[35m (0.1ms)[0m  SELECT * FROM "aalbums"
  [1m[36m (0.2ms)[0m  [1mDROP TABLE "aalbums"[0m
  [1m[35mSQL (0.1ms)[0m  INSERT INTO "schema_migrations" ("version") VALUES (?)  [["version", "20150112020416"]]
  [1m[36m (5.7ms)[0m  [1mcommit transaction[0m
Migrating to AddDescriptionToPictures (20150112050743)
  [1m[35m (0.1ms)[0m  begin transaction
  [1m[36m (0.2ms)[0m  [1mALTER TABLE "pictures" ADD "description" varchar(255)[0m
  [1m[35mSQL (0.3ms)[0m  INSERT INTO "schema_migrations" ("version") VALUES (?)  [["version", "20150112050743"]]
  [1m[36m (6.6ms)[0m  [1mcommit transaction[0m
Migrating to AddAlbumidToAlbums (20150112050823)
  [1m[35m (0.1ms)[0m  begin transaction
  [1m[36m (0.3ms)[0m  [1mALTER TABLE "albums" ADD "album_id" int[0m
  [1m[35mSQL (0.3ms)[0m  INSERT INTO "schema_migrations" ("version") VALUES (?)  [["version", "20150112050823"]]
  [1m[36m (6.1ms)[0m  [1mcommit transaction[0m
Migrating to Albums (20150112153838)
  [1m[35m (0.1ms)[0m  begin transaction
  [1m[36mSQL (0.1ms)[0m  [1mINSERT INTO "schema_migrations" ("version") VALUES (?)[0m  [["version", "20150112153838"]]
  [1m[35m (5.4ms)[0m  commit transaction
Migrating to AddAreaToAlbums (20150112154832)
  [1m[36m (0.1ms)[0m  [1mbegin transaction[0m
  [1m[35m (0.3ms)[0m  ALTER TABLE "albums" ADD "area" varchar(255)
  [1m[36mSQL (0.2ms)[0m  [1mINSERT INTO "schema_migrations" ("version") VALUES (?)[0m  [["version", "20150112154832"]]
  [1m[35m (4.4ms)[0m  commit transaction
Migrating to CreateAreas (20150113102550)
  [1m[36m (0.1ms)[0m  [1mbegin transaction[0m
  [1m[35m (0.2ms)[0m  CREATE TABLE "areas" ("id" INTEGER PRIMARY KEY AUTOINCREMENT NOT NULL, "area" varchar(255), "ja" varchar(255), "latitude" float, "longitude" float, "created_at" datetime, "updated_at" datetime) 
  [1m[36mSQL (0.3ms)[0m  [1mINSERT INTO "schema_migrations" ("version") VALUES (?)[0m  [["version", "20150113102550"]]
  [1m[35m (7.1ms)[0m  commit transaction
Migrating to AddCountToTags (20150118131947)
  [1m[36m (0.1ms)[0m  [1mbegin transaction[0m
  [1m[35m (0.2ms)[0m  ALTER TABLE "tags" ADD "count" integer
  [1m[36mSQL (0.3ms)[0m  [1mINSERT INTO "schema_migrations" ("version") VALUES (?)[0m  [["version", "20150118131947"]]
  [1m[35m (4.4ms)[0m  commit transaction
Migrating to CreateScenes (20150119131636)
  [1m[36m (0.1ms)[0m  [1mbegin transaction[0m
  [1m[35m (0.3ms)[0m  CREATE TABLE "scenes" ("id" INTEGER PRIMARY KEY AUTOINCREMENT NOT NULL, "picture_id" integer, "text" varchar(255), "created_at" datetime, "updated_at" datetime) 
  [1m[36mSQL (0.3ms)[0m  [1mINSERT INTO "schema_migrations" ("version") VALUES (?)[0m  [["version", "20150119131636"]]
  [1m[35m (11.4ms)[0m  commit transaction
Migrating to AddLabetToScenes (20150119133722)
  [1m[36m (0.1ms)[0m  [1mbegin transaction[0m
  [1m[35m (0.4ms)[0m  ALTER TABLE "scenes" ADD "score" float
  [1m[36mSQL (0.3ms)[0m  [1mINSERT INTO "schema_migrations" ("version") VALUES (?)[0m  [["version", "20150119133722"]]
  [1m[35m (14.1ms)[0m  commit transaction
Migrating to CreateTagcounts (20150122122143)
  [1m[36m (0.1ms)[0m  [1mbegin transaction[0m
  [1m[35m (0.2ms)[0m  CREATE TABLE "tagcounts" ("id" INTEGER PRIMARY KEY AUTOINCREMENT NOT NULL, "tag_id" integer, "count" integer, "created_at" datetime, "updated_at" datetime) 
  [1m[36mSQL (0.3ms)[0m  [1mINSERT INTO "schema_migrations" ("version") VALUES (?)[0m  [["version", "20150122122143"]]
  [1m[35m (9.2ms)[0m  commit transaction
Migrating to RemoveCountFromTags (20150122122302)
  [1m[36m (0.1ms)[0m  [1mbegin transaction[0m
  [1m[35m (1.5ms)[0m  CREATE TEMPORARY TABLE "atags" ("id" INTEGER PRIMARY KEY AUTOINCREMENT NOT NULL, "created_at" datetime, "updated_at" datetime, "picture_id" integer, "text" varchar(255), "count" integer) 
  [1m[36m (0.1ms)[0m  [1mSELECT * FROM "tags"[0m
  [1m[35m (0.3ms)[0m  DROP TABLE "tags"
  [1m[36m (0.2ms)[0m  [1mCREATE TABLE "tags" ("id" INTEGER PRIMARY KEY AUTOINCREMENT NOT NULL, "created_at" datetime, "updated_at" datetime, "picture_id" integer, "text" varchar(255)) [0m
  [1m[35m (0.1ms)[0m  SELECT * FROM "atags"
  [1m[36m (0.1ms)[0m  [1mDROP TABLE "atags"[0m
  [1m[35mSQL (0.1ms)[0m  INSERT INTO "schema_migrations" ("version") VALUES (?)  [["version", "20150122122302"]]
  [1m[36m (9.1ms)[0m  [1mcommit transaction[0m
Migrating to RemoveDateFromTagcounts (20150122134656)
  [1m[35m (0.1ms)[0m  begin transaction
  [1m[36m (1.3ms)[0m  [1mCREATE TEMPORARY TABLE "atagcounts" ("id" INTEGER PRIMARY KEY AUTOINCREMENT NOT NULL, "tag_id" integer, "count" integer, "created_at" datetime, "updated_at" datetime) [0m
  [1m[35m (0.1ms)[0m  SELECT * FROM "tagcounts"
  [1m[36m (0.6ms)[0m  [1mDROP TABLE "tagcounts"[0m
  [1m[35m (0.1ms)[0m  CREATE TABLE "tagcounts" ("id" INTEGER PRIMARY KEY AUTOINCREMENT NOT NULL, "count" integer, "created_at" datetime, "updated_at" datetime) 
  [1m[36m (0.1ms)[0m  [1mSELECT * FROM "atagcounts"[0m
  [1m[35m (0.1ms)[0m  DROP TABLE "atagcounts"
  [1m[36mSQL (0.1ms)[0m  [1mINSERT INTO "schema_migrations" ("version") VALUES (?)[0m  [["version", "20150122134656"]]
  [1m[35m (7.5ms)[0m  commit transaction
Migrating to AddTagtextToTagcounts (20150122134729)
  [1m[36m (0.1ms)[0m  [1mbegin transaction[0m
  [1m[35m (0.4ms)[0m  ALTER TABLE "tagcounts" ADD "text" varchar(255)
  [1m[36mSQL (0.4ms)[0m  [1mINSERT INTO "schema_migrations" ("version") VALUES (?)[0m  [["version", "20150122134729"]]
  [1m[35m (8.6ms)[0m  commit transaction
Migrating to CreateScenecounts (20150122141838)
  [1m[36m (0.1ms)[0m  [1mbegin transaction[0m
  [1m[35m (0.2ms)[0m  CREATE TABLE "scenecounts" ("id" INTEGER PRIMARY KEY AUTOINCREMENT NOT NULL, "text" varchar(255), "count" integer, "created_at" datetime, "updated_at" datetime) 
  [1m[36mSQL (0.3ms)[0m  [1mINSERT INTO "schema_migrations" ("version") VALUES (?)[0m  [["version", "20150122141838"]]
  [1m[35m (9.2ms)[0m  commit transaction
Migrating to AddPlacekindToAlbums (20150205143330)
  [1m[36m (0.1ms)[0m  [1mbegin transaction[0m
  [1m[35m (0.3ms)[0m  ALTER TABLE "albums" ADD "place_id" integer
  [1m[36mSQL (0.5ms)[0m  [1mINSERT INTO "schema_migrations" ("version") VALUES (?)[0m  [["version", "20150205143330"]]
  [1m[35m (12.9ms)[0m  commit transaction
  [1m[36mActiveRecord::SchemaMigration Load (0.1ms)[0m  [1mSELECT "schema_migrations".* FROM "schema_migrations"[0m
  [1m[36m (4.1ms)[0m  [1mCREATE TABLE "schema_migrations" ("version" varchar(255) NOT NULL) [0m
  [1m[35m (0.5ms)[0m  select sqlite_version(*)
  [1m[36m (1.6ms)[0m  [1mCREATE UNIQUE INDEX "unique_schema_migrations" ON "schema_migrations" ("version")[0m
  [1m[35mActiveRecord::SchemaMigration Load (0.2ms)[0m  SELECT "schema_migrations".* FROM "schema_migrations"
Migrating to CreateAlbums (20141226164454)
  [1m[36m (0.1ms)[0m  [1mbegin transaction[0m
  [1m[35m (0.5ms)[0m  CREATE TABLE "albums" ("id" INTEGER PRIMARY KEY AUTOINCREMENT NOT NULL, "title" varchar(255), "description" varchar(255), "address" varchar(255), "latitude" float, "longitude" float, "date" varchar(255), "created_at" datetime, "updated_at" datetime) 
  [1m[36mSQL (0.2ms)[0m  [1mINSERT INTO "schema_migrations" ("version") VALUES (?)[0m  [["version", "20141226164454"]]
  [1m[35m (2.2ms)[0m  commit transaction
Migrating to CreatePictures (20141226172124)
  [1m[36m (0.2ms)[0m  [1mbegin transaction[0m
  [1m[35m (0.5ms)[0m  CREATE TABLE "pictures" ("id" INTEGER PRIMARY KEY AUTOINCREMENT NOT NULL, "picture_id" integer, "picture" varchar(255), "created_at" datetime, "updated_at" datetime) 
  [1m[36mSQL (0.2ms)[0m  [1mINSERT INTO "schema_migrations" ("version") VALUES (?)[0m  [["version", "20141226172124"]]
  [1m[35m (2.4ms)[0m  commit transaction
Migrating to AddDataTakenToPictures (20141226173251)
  [1m[36m (0.1ms)[0m  [1mbegin transaction[0m
  [1m[35m (1.3ms)[0m  ALTER TABLE "pictures" ADD "date" varchar(255)
  [1m[36mSQL (0.2ms)[0m  [1mINSERT INTO "schema_migrations" ("version") VALUES (?)[0m  [["version", "20141226173251"]]
  [1m[35m (2.5ms)[0m  commit transaction
Migrating to RemoveDescriptionFromAlbums (20150112011954)
  [1m[36m (0.1ms)[0m  [1mbegin transaction[0m
  [1m[35m (1.6ms)[0m  CREATE TEMPORARY TABLE "aalbums" ("id" INTEGER PRIMARY KEY AUTOINCREMENT NOT NULL, "title" varchar(255), "description" varchar(255), "address" varchar(255), "latitude" float, "longitude" float, "date" varchar(255), "created_at" datetime, "updated_at" datetime) 
  [1m[36m (0.2ms)[0m  [1mSELECT * FROM "albums"[0m
  [1m[35m (1.8ms)[0m  DROP TABLE "albums"
  [1m[36m (0.1ms)[0m  [1mCREATE TABLE "albums" ("id" INTEGER PRIMARY KEY AUTOINCREMENT NOT NULL, "title" varchar(255), "address" varchar(255), "latitude" float, "longitude" float, "date" varchar(255), "created_at" datetime, "updated_at" datetime) [0m
  [1m[35m (0.1ms)[0m  SELECT * FROM "aalbums"
  [1m[36m (0.3ms)[0m  [1mDROP TABLE "aalbums"[0m
  [1m[35mSQL (0.2ms)[0m  INSERT INTO "schema_migrations" ("version") VALUES (?)  [["version", "20150112011954"]]
  [1m[36m (1.8ms)[0m  [1mcommit transaction[0m
Migrating to AddRepresentativePictureAlbums (20150112012150)
  [1m[35m (0.1ms)[0m  begin transaction
  [1m[36mSQL (0.2ms)[0m  [1mINSERT INTO "schema_migrations" ("version") VALUES (?)[0m  [["version", "20150112012150"]]
  [1m[35m (1.6ms)[0m  commit transaction
Migrating to AddRepresentativepictureToAlbums (20150112012322)
  [1m[36m (0.1ms)[0m  [1mbegin transaction[0m
  [1m[35m (0.3ms)[0m  ALTER TABLE "albums" ADD "representative_picture" int
  [1m[36mSQL (0.1ms)[0m  [1mINSERT INTO "schema_migrations" ("version") VALUES (?)[0m  [["version", "20150112012322"]]
  [1m[35m (1.9ms)[0m  commit transaction
Migrating to RemovePictureFromPictures (20150112013221)
  [1m[36m (0.1ms)[0m  [1mbegin transaction[0m
  [1m[35m (0.8ms)[0m  CREATE TEMPORARY TABLE "apictures" ("id" INTEGER PRIMARY KEY AUTOINCREMENT NOT NULL, "picture_id" integer, "picture" varchar(255), "created_at" datetime, "updated_at" datetime, "date" varchar(255)) 
  [1m[36m (0.2ms)[0m  [1mSELECT * FROM "pictures"[0m
  [1m[35m (0.4ms)[0m  DROP TABLE "pictures"
  [1m[36m (0.3ms)[0m  [1mCREATE TABLE "pictures" ("id" INTEGER PRIMARY KEY AUTOINCREMENT NOT NULL, "picture_id" integer, "created_at" datetime, "updated_at" datetime, "date" varchar(255)) [0m
  [1m[35m (0.1ms)[0m  SELECT * FROM "apictures"
  [1m[36m (0.9ms)[0m  [1mDROP TABLE "apictures"[0m
  [1m[35mSQL (0.8ms)[0m  INSERT INTO "schema_migrations" ("version") VALUES (?)  [["version", "20150112013221"]]
  [1m[36m (5.1ms)[0m  [1mcommit transaction[0m
Migrating to RemovePictureidFromPictures (20150112013233)
  [1m[35m (0.1ms)[0m  begin transaction
  [1m[36m (0.2ms)[0m  [1mCREATE TEMPORARY TABLE "apictures" ("id" INTEGER PRIMARY KEY AUTOINCREMENT NOT NULL, "picture_id" integer, "created_at" datetime, "updated_at" datetime, "date" varchar(255)) [0m
  [1m[35m (0.1ms)[0m  SELECT * FROM "pictures"
  [1m[36m (0.3ms)[0m  [1mDROP TABLE "pictures"[0m
  [1m[35m (0.1ms)[0m  CREATE TABLE "pictures" ("id" INTEGER PRIMARY KEY AUTOINCREMENT NOT NULL, "created_at" datetime, "updated_at" datetime, "date" varchar(255)) 
  [1m[36m (0.1ms)[0m  [1mSELECT * FROM "apictures"[0m
  [1m[35m (0.1ms)[0m  DROP TABLE "apictures"
  [1m[36mSQL (0.1ms)[0m  [1mINSERT INTO "schema_migrations" ("version") VALUES (?)[0m  [["version", "20150112013233"]]
  [1m[35m (2.2ms)[0m  commit transaction
Migrating to AddDetailToPictures (20150112013509)
  [1m[36m (0.1ms)[0m  [1mbegin transaction[0m
  [1m[35m (0.4ms)[0m  ALTER TABLE "pictures" ADD "url" varchar(255)
  [1m[36m (0.3ms)[0m  [1mALTER TABLE "pictures" ADD "latitude" float[0m
  [1m[35m (0.2ms)[0m  ALTER TABLE "pictures" ADD "longitude" float
  [1m[36m (0.2ms)[0m  [1mALTER TABLE "pictures" ADD "address" varchar(255)[0m
  [1m[35m (0.2ms)[0m  ALTER TABLE "pictures" ADD "title" varchar(255)
  [1m[36m (0.2ms)[0m  [1mALTER TABLE "pictures" ADD "album_id" int[0m
  [1m[35mSQL (0.2ms)[0m  INSERT INTO "schema_migrations" ("version") VALUES (?)  [["version", "20150112013509"]]
  [1m[36m (3.5ms)[0m  [1mcommit transaction[0m
Migrating to CreateTags (20150112014133)
  [1m[35m (0.1ms)[0m  begin transaction
  [1m[36m (0.4ms)[0m  [1mCREATE TABLE "tags" ("id" INTEGER PRIMARY KEY AUTOINCREMENT NOT NULL, "created_at" datetime, "updated_at" datetime) [0m
  [1m[35mSQL (0.1ms)[0m  INSERT INTO "schema_migrations" ("version") VALUES (?)  [["version", "20150112014133"]]
  [1m[36m (3.0ms)[0m  [1mcommit transaction[0m
Migrating to AddDetailToTags (20150112014235)
  [1m[35m (0.1ms)[0m  begin transaction
  [1m[36m (0.4ms)[0m  [1mALTER TABLE "tags" ADD "picture_id" int[0m
  [1m[35m (0.2ms)[0m  ALTER TABLE "tags" ADD "text" varchar(255)
  [1m[36mSQL (0.2ms)[0m  [1mINSERT INTO "schema_migrations" ("version") VALUES (?)[0m  [["version", "20150112014235"]]
  [1m[35m (2.9ms)[0m  commit transaction
Migrating to RemoveDateFromAlbums (20150112020416)
  [1m[36m (0.1ms)[0m  [1mbegin transaction[0m
  [1m[35m (0.3ms)[0m  CREATE TEMPORARY TABLE "aalbums" ("id" INTEGER PRIMARY KEY AUTOINCREMENT NOT NULL, "title" varchar(255), "address" varchar(255), "latitude" float, "longitude" float, "date" varchar(255), "created_at" datetime, "updated_at" datetime, "representative_picture" integer) 
  [1m[36m (0.1ms)[0m  [1mSELECT * FROM "albums"[0m
  [1m[35m (0.2ms)[0m  DROP TABLE "albums"
  [1m[36m (0.2ms)[0m  [1mCREATE TABLE "albums" ("id" INTEGER PRIMARY KEY AUTOINCREMENT NOT NULL, "title" varchar(255), "address" varchar(255), "latitude" float, "longitude" float, "created_at" datetime, "updated_at" datetime, "representative_picture" integer) [0m
  [1m[35m (0.1ms)[0m  SELECT * FROM "aalbums"
  [1m[36m (0.1ms)[0m  [1mDROP TABLE "aalbums"[0m
  [1m[35mSQL (0.1ms)[0m  INSERT INTO "schema_migrations" ("version") VALUES (?)  [["version", "20150112020416"]]
  [1m[36m (2.0ms)[0m  [1mcommit transaction[0m
Migrating to AddDescriptionToPictures (20150112050743)
  [1m[35m (0.1ms)[0m  begin transaction
  [1m[36m (0.3ms)[0m  [1mALTER TABLE "pictures" ADD "description" varchar(255)[0m
  [1m[35mSQL (0.1ms)[0m  INSERT INTO "schema_migrations" ("version") VALUES (?)  [["version", "20150112050743"]]
  [1m[36m (1.9ms)[0m  [1mcommit transaction[0m
Migrating to AddAlbumidToAlbums (20150112050823)
  [1m[35m (0.3ms)[0m  begin transaction
  [1m[36m (0.9ms)[0m  [1mALTER TABLE "albums" ADD "album_id" int[0m
  [1m[35mSQL (0.4ms)[0m  INSERT INTO "schema_migrations" ("version") VALUES (?)  [["version", "20150112050823"]]
  [1m[36m (3.3ms)[0m  [1mcommit transaction[0m
Migrating to Albums (20150112153838)
  [1m[35m (0.1ms)[0m  begin transaction
  [1m[36mSQL (0.2ms)[0m  [1mINSERT INTO "schema_migrations" ("version") VALUES (?)[0m  [["version", "20150112153838"]]
  [1m[35m (2.1ms)[0m  commit transaction
Migrating to AddAreaToAlbums (20150112154832)
  [1m[36m (0.1ms)[0m  [1mbegin transaction[0m
  [1m[35m (0.4ms)[0m  ALTER TABLE "albums" ADD "area" varchar(255)
  [1m[36mSQL (0.1ms)[0m  [1mINSERT INTO "schema_migrations" ("version") VALUES (?)[0m  [["version", "20150112154832"]]
  [1m[35m (2.7ms)[0m  commit transaction
Migrating to CreateAreas (20150113102550)
  [1m[36m (0.2ms)[0m  [1mbegin transaction[0m
  [1m[35m (0.5ms)[0m  CREATE TABLE "areas" ("id" INTEGER PRIMARY KEY AUTOINCREMENT NOT NULL, "area" varchar(255), "ja" varchar(255), "latitude" float, "longitude" float, "created_at" datetime, "updated_at" datetime) 
  [1m[36mSQL (0.1ms)[0m  [1mINSERT INTO "schema_migrations" ("version") VALUES (?)[0m  [["version", "20150113102550"]]
  [1m[35m (9.2ms)[0m  commit transaction
Migrating to AddCountToTags (20150118131947)
  [1m[36m (0.1ms)[0m  [1mbegin transaction[0m
  [1m[35m (0.6ms)[0m  ALTER TABLE "tags" ADD "count" integer
  [1m[36mSQL (0.2ms)[0m  [1mINSERT INTO "schema_migrations" ("version") VALUES (?)[0m  [["version", "20150118131947"]]
  [1m[35m (2.0ms)[0m  commit transaction
Migrating to CreateScenes (20150119131636)
  [1m[36m (0.1ms)[0m  [1mbegin transaction[0m
  [1m[35m (0.3ms)[0m  CREATE TABLE "scenes" ("id" INTEGER PRIMARY KEY AUTOINCREMENT NOT NULL, "picture_id" integer, "text" varchar(255), "created_at" datetime, "updated_at" datetime) 
  [1m[36mSQL (0.2ms)[0m  [1mINSERT INTO "schema_migrations" ("version") VALUES (?)[0m  [["version", "20150119131636"]]
  [1m[35m (2.3ms)[0m  commit transaction
Migrating to AddLabetToScenes (20150119133722)
  [1m[36m (0.1ms)[0m  [1mbegin transaction[0m
  [1m[35m (0.3ms)[0m  ALTER TABLE "scenes" ADD "score" float
  [1m[36mSQL (0.2ms)[0m  [1mINSERT INTO "schema_migrations" ("version") VALUES (?)[0m  [["version", "20150119133722"]]
  [1m[35m (3.5ms)[0m  commit transaction
Migrating to CreateTagcounts (20150122122143)
  [1m[36m (0.1ms)[0m  [1mbegin transaction[0m
  [1m[35m (0.4ms)[0m  CREATE TABLE "tagcounts" ("id" INTEGER PRIMARY KEY AUTOINCREMENT NOT NULL, "tag_id" integer, "count" integer, "created_at" datetime, "updated_at" datetime) 
  [1m[36mSQL (0.1ms)[0m  [1mINSERT INTO "schema_migrations" ("version") VALUES (?)[0m  [["version", "20150122122143"]]
  [1m[35m (2.6ms)[0m  commit transaction
Migrating to RemoveCountFromTags (20150122122302)
  [1m[36m (0.1ms)[0m  [1mbegin transaction[0m
  [1m[35m (0.2ms)[0m  CREATE TEMPORARY TABLE "atags" ("id" INTEGER PRIMARY KEY AUTOINCREMENT NOT NULL, "created_at" datetime, "updated_at" datetime, "picture_id" integer, "text" varchar(255), "count" integer) 
  [1m[36m (0.1ms)[0m  [1mSELECT * FROM "tags"[0m
  [1m[35m (0.3ms)[0m  DROP TABLE "tags"
  [1m[36m (0.2ms)[0m  [1mCREATE TABLE "tags" ("id" INTEGER PRIMARY KEY AUTOINCREMENT NOT NULL, "created_at" datetime, "updated_at" datetime, "picture_id" integer, "text" varchar(255)) [0m
  [1m[35m (0.1ms)[0m  SELECT * FROM "atags"
  [1m[36m (0.4ms)[0m  [1mDROP TABLE "atags"[0m
  [1m[35mSQL (0.2ms)[0m  INSERT INTO "schema_migrations" ("version") VALUES (?)  [["version", "20150122122302"]]
  [1m[36m (2.9ms)[0m  [1mcommit transaction[0m
Migrating to RemoveDateFromTagcounts (20150122134656)
  [1m[35m (0.1ms)[0m  begin transaction
  [1m[36m (0.2ms)[0m  [1mCREATE TEMPORARY TABLE "atagcounts" ("id" INTEGER PRIMARY KEY AUTOINCREMENT NOT NULL, "tag_id" integer, "count" integer, "created_at" datetime, "updated_at" datetime) [0m
  [1m[35m (0.1ms)[0m  SELECT * FROM "tagcounts"
  [1m[36m (0.3ms)[0m  [1mDROP TABLE "tagcounts"[0m
  [1m[35m (0.1ms)[0m  CREATE TABLE "tagcounts" ("id" INTEGER PRIMARY KEY AUTOINCREMENT NOT NULL, "count" integer, "created_at" datetime, "updated_at" datetime) 
  [1m[36m (0.1ms)[0m  [1mSELECT * FROM "atagcounts"[0m
  [1m[35m (0.1ms)[0m  DROP TABLE "atagcounts"
  [1m[36mSQL (0.1ms)[0m  [1mINSERT INTO "schema_migrations" ("version") VALUES (?)[0m  [["version", "20150122134656"]]
  [1m[35m (3.2ms)[0m  commit transaction
Migrating to AddTagtextToTagcounts (20150122134729)
  [1m[36m (0.1ms)[0m  [1mbegin transaction[0m
  [1m[35m (0.4ms)[0m  ALTER TABLE "tagcounts" ADD "text" varchar(255)
  [1m[36mSQL (0.2ms)[0m  [1mINSERT INTO "schema_migrations" ("version") VALUES (?)[0m  [["version", "20150122134729"]]
  [1m[35m (2.6ms)[0m  commit transaction
Migrating to CreateScenecounts (20150122141838)
  [1m[36m (0.1ms)[0m  [1mbegin transaction[0m
  [1m[35m (0.4ms)[0m  CREATE TABLE "scenecounts" ("id" INTEGER PRIMARY KEY AUTOINCREMENT NOT NULL, "text" varchar(255), "count" integer, "created_at" datetime, "updated_at" datetime) 
  [1m[36mSQL (0.2ms)[0m  [1mINSERT INTO "schema_migrations" ("version") VALUES (?)[0m  [["version", "20150122141838"]]
  [1m[35m (2.5ms)[0m  commit transaction
Migrating to AddPlacekindToAlbums (20150205143330)
  [1m[36m (0.2ms)[0m  [1mbegin transaction[0m
  [1m[35m (0.6ms)[0m  ALTER TABLE "albums" ADD "place_id" integer
  [1m[36mSQL (0.2ms)[0m  [1mINSERT INTO "schema_migrations" ("version") VALUES (?)[0m  [["version", "20150205143330"]]
  [1m[35m (3.8ms)[0m  commit transaction
  [1m[36mActiveRecord::SchemaMigration Load (0.3ms)[0m  [1mSELECT "schema_migrations".* FROM "schema_migrations"[0m
  [1m[36mActiveRecord::SchemaMigration Load (0.1ms)[0m  [1mSELECT "schema_migrations".* FROM "schema_migrations"[0m
  [1m[35mActiveRecord::SchemaMigration Load (0.1ms)[0m  SELECT "schema_migrations".* FROM "schema_migrations"
  [1m[36mActiveRecord::SchemaMigration Load (0.1ms)[0m  [1mSELECT "schema_migrations".* FROM "schema_migrations"[0m
Migrating to AddDetailsToAlbums (20150307113746)
  [1m[35m (0.1ms)[0m  begin transaction
  [1m[36m (1.9ms)[0m  [1mALTER TABLE "albums" ADD "description" varchar(255)[0m
  [1m[35m (0.3ms)[0m  ALTER TABLE "albums" ADD "detail" varchar(255)
  [1m[36mSQL (0.3ms)[0m  [1mINSERT INTO "schema_migrations" ("version") VALUES (?)[0m  [["version", "20150307113746"]]
  [1m[35m (4.0ms)[0m  commit transaction
  [1m[36mActiveRecord::SchemaMigration Load (0.1ms)[0m  [1mSELECT "schema_migrations".* FROM "schema_migrations"[0m
  [1m[36mActiveRecord::SchemaMigration Load (0.1ms)[0m  [1mSELECT "schema_migrations".* FROM "schema_migrations"[0m
  [1m[35mActiveRecord::SchemaMigration Load (0.2ms)[0m  SELECT "schema_migrations".* FROM "schema_migrations"
